<?xml version="1.0" encoding="UTF-8"?>
<!-- Generated by org.testng.reporters.JUnitReportReporter -->
<testsuite hostname="AbhijitMiniPC" failures="0" tests="6" name="test.day3" time="0.012" errors="0" timestamp="2025-12-09T10:36:01 EST" skipped="1">
  <testcase classname="test.day3" name="MobilesignoutcarLoan" time="0.002"/>
  <testcase classname="test.day3" name="MobilesignoutcarLoan" time="0.002"/>
  <testcase classname="test.day3" name="WebloginCarLoan" time="0.002"/>
  <testcase classname="test.day3" name="MobileLogincarLoan" time="0.003"/>
  <testcase classname="test.day3" name="MobilesignoutcarLoan" time="0.003"/>
  <testcase classname="test.day3" name="MobilesignimcarLoan">
    <skipped/>
  </testcase> <!-- MobilesignimcarLoan -->
</testsuite> <!-- test.day3 -->
